TN:
SF:server.js
FN:22,startServer
FN:23,(anonymous_1)
FNF:2
FNH:0
FNDA:0,startServer
FNDA:0,(anonymous_1)
DA:1,1
DA:2,1
DA:3,1
DA:4,1
DA:5,1
DA:6,1
DA:7,1
DA:9,1
DA:10,1
DA:13,1
DA:14,1
DA:17,1
DA:18,1
DA:19,1
DA:23,0
DA:24,0
DA:29,1
DA:32,1
DA:33,0
LF:19
LH:16
BRDA:10,0,0,1
BRDA:10,0,1,1
BRDA:32,1,0,0
BRDA:32,1,1,1
BRF:4
BRH:3
end_of_record
TN:
SF:config\config.js
FN:25,(anonymous_0)
FN:28,(anonymous_1)
FNF:2
FNH:1
FNDA:2,(anonymous_0)
FNDA:0,(anonymous_1)
DA:1,2
DA:3,2
DA:14,2
DA:16,2
DA:23,2
DA:26,2
DA:29,0
DA:32,2
LF:8
LH:7
BRF:0
BRH:0
end_of_record
TN:
SF:controllers\eventController.js
FN:8,(anonymous_0)
FNF:1
FNH:1
FNDA:2,(anonymous_0)
DA:1,2
DA:8,2
DA:9,2
DA:10,2
DA:12,2
DA:13,1
DA:15,1
DA:16,1
LF:8
LH:8
BRF:0
BRH:0
end_of_record
TN:
SF:controllers\productController.js
FN:8,(anonymous_0)
FN:23,(anonymous_1)
FN:39,(anonymous_2)
FNF:3
FNH:3
FNDA:3,(anonymous_0)
FNDA:3,(anonymous_1)
FNDA:4,(anonymous_2)
DA:1,2
DA:8,2
DA:9,3
DA:10,3
DA:11,2
DA:13,1
DA:14,1
DA:23,2
DA:24,3
DA:25,3
DA:26,3
DA:27,2
DA:29,1
DA:30,1
DA:39,2
DA:40,4
DA:41,4
DA:42,4
DA:43,3
DA:45,2
DA:46,2
DA:48,1
DA:49,1
LF:23
LH:23
BRDA:43,0,0,1
BRDA:43,0,1,2
BRF:2
BRH:2
end_of_record
TN:
SF:controllers\queryController.js
FN:9,(anonymous_0)
FN:25,(anonymous_1)
FNF:2
FNH:2
FNDA:2,(anonymous_0)
FNDA:2,(anonymous_1)
DA:1,2
DA:9,2
DA:10,2
DA:11,2
DA:12,1
DA:14,1
DA:15,1
DA:25,2
DA:26,2
DA:27,2
DA:28,1
DA:30,1
DA:31,1
LF:13
LH:13
BRF:0
BRH:0
end_of_record
TN:
SF:models\Buyer.js
FN:4,(anonymous_0)
FN:6,(anonymous_1)
FNF:2
FNH:2
FNDA:1,(anonymous_0)
FNDA:1,(anonymous_1)
DA:2,1
DA:4,1
DA:8,1
DA:13,1
DA:20,1
DA:48,1
LF:6
LH:6
BRF:0
BRH:0
end_of_record
TN:
SF:models\Buyerevent.js
FN:4,(anonymous_0)
FN:6,(anonymous_1)
FNF:2
FNH:2
FNDA:1,(anonymous_0)
FNDA:1,(anonymous_1)
DA:2,1
DA:4,1
DA:8,1
DA:13,1
DA:20,1
DA:48,1
LF:6
LH:6
BRF:0
BRH:0
end_of_record
TN:
SF:models\Product.js
FN:4,(anonymous_0)
FN:6,(anonymous_1)
FNF:2
FNH:2
FNDA:1,(anonymous_0)
FNDA:1,(anonymous_1)
DA:2,1
DA:4,1
DA:8,1
DA:15,1
DA:51,1
LF:5
LH:5
BRF:0
BRH:0
end_of_record
TN:
SF:models\Transaction.js
FN:4,(anonymous_0)
FN:6,(anonymous_1)
FNF:2
FNH:2
FNDA:1,(anonymous_0)
FNDA:1,(anonymous_1)
DA:2,1
DA:4,1
DA:8,1
DA:13,1
DA:18,1
DA:25,1
DA:84,1
LF:7
LH:7
BRF:0
BRH:0
end_of_record
TN:
SF:models\index.js
FN:15,(anonymous_0)
FN:18,(anonymous_1)
FN:23,(anonymous_2)
FNF:3
FNH:3
FNDA:5,(anonymous_0)
FNDA:4,(anonymous_1)
FNDA:4,(anonymous_2)
DA:3,1
DA:4,1
DA:5,1
DA:6,1
DA:7,1
DA:10,1
DA:12,1
DA:14,1
DA:16,5
DA:19,4
DA:20,4
DA:23,1
DA:24,4
DA:25,4
DA:29,1
DA:30,1
DA:32,1
LF:17
LH:17
BRDA:16,0,0,5
BRDA:16,0,1,5
BRDA:16,0,2,4
BRDA:24,1,0,4
BRDA:24,1,1,0
BRF:5
BRH:4
end_of_record
TN:
SF:routes\eventRoutes.js
FNF:0
FNH:0
DA:1,1
DA:2,1
DA:3,1
DA:8,1
DA:10,1
LF:5
LH:5
BRF:0
BRH:0
end_of_record
TN:
SF:routes\productRoutes.js
FNF:0
FNH:0
DA:1,1
DA:2,1
DA:3,1
DA:7,1
DA:11,1
DA:16,1
DA:18,1
LF:7
LH:7
BRF:0
BRH:0
end_of_record
TN:
SF:routes\queryRoutes.js
FNF:0
FNH:0
DA:1,1
DA:2,1
DA:3,1
DA:8,1
DA:13,1
DA:15,1
LF:6
LH:6
BRF:0
BRH:0
end_of_record
TN:
SF:services\queryService.js
FN:8,(anonymous_0)
FN:19,(anonymous_1)
FNF:2
FNH:2
FNDA:1,(anonymous_0)
FNDA:1,(anonymous_1)
DA:1,2
DA:2,2
DA:8,2
DA:9,1
DA:19,2
DA:20,1
LF:6
LH:6
BRF:0
BRH:0
end_of_record
